Starting installation...
Checking for requirements.txt...
Installing system dependencies...

WARNING: apt does not have a stable CLI interface. Use with caution in scripts.

Hit:1 http://security.ubuntu.com/ubuntu noble-security InRelease
Hit:2 http://archive.ubuntu.com/ubuntu noble InRelease
Hit:3 https://ppa.launchpadcontent.net/deadsnakes/ppa/ubuntu noble InRelease
Hit:4 http://archive.ubuntu.com/ubuntu noble-updates InRelease
Hit:5 http://archive.ubuntu.com/ubuntu noble-backports InRelease
Hit:6 https://ftp.postgresql.org/pub/pgadmin/pgadmin4/apt/noble pgadmin4 InRelease
Reading package lists...
Building dependency tree...
Reading state information...
All packages are up to date.

WARNING: apt does not have a stable CLI interface. Use with caution in scripts.

Reading package lists...
Building dependency tree...
Reading state information...
libpq-dev is already the newest version (17.4-1.pgdg24.04+2).
python3-dev is already the newest version (3.12.3-0ubuntu2).
build-essential is already the newest version (12.10ubuntu1).
0 upgraded, 0 newly installed, 0 to remove and 0 not upgraded.
2 not fully installed or removed.
After this operation, 0 B of additional disk space will be used.
Setting up pgadmin4-desktop (9.1) ...
Load apparmor pgAdmin profile...
Cache read/write disabled: interface file missing. (Kernel needs AppArmor 2.4 compatibility patch.)
Warning: unable to find a suitable fs in /proc/mounts, is it mounted?
Use --subdomainfs to override.
dpkg: error processing package pgadmin4-desktop (--configure):
 installed pgadmin4-desktop package post-installation script subprocess returned error exit status 1
dpkg: dependency problems prevent configuration of pgadmin4:
 pgadmin4 depends on pgadmin4-desktop (= 9.1); however:
  Package pgadmin4-desktop is not configured yet.

dpkg: error processing package pgadmin4 (--configure):
 dependency problems - leaving unconfigured
No apport report written because the error message indicates its a followup error from a previous failure.
Errors were encountered while processing:
 pgadmin4-desktop
 pgadmin4
E: Sub-process /usr/bin/dpkg returned an error code (1)
Failed to install dependencies!
Starting installation...
Checking for requirements.txt...
Installing system dependencies...

WARNING: apt does not have a stable CLI interface. Use with caution in scripts.

Hit:1 http://security.ubuntu.com/ubuntu noble-security InRelease
Hit:2 http://archive.ubuntu.com/ubuntu noble InRelease
Hit:3 https://ftp.postgresql.org/pub/pgadmin/pgadmin4/apt/noble pgadmin4 InRelease
Hit:4 http://archive.ubuntu.com/ubuntu noble-updates InRelease
Hit:5 https://ppa.launchpadcontent.net/deadsnakes/ppa/ubuntu noble InRelease
Hit:6 http://archive.ubuntu.com/ubuntu noble-backports InRelease
Reading package lists...
Building dependency tree...
Reading state information...
All packages are up to date.

WARNING: apt does not have a stable CLI interface. Use with caution in scripts.

Reading package lists...
Building dependency tree...
Reading state information...
libpq-dev is already the newest version (17.4-1.pgdg24.04+2).
python3-dev is already the newest version (3.12.3-0ubuntu2).
build-essential is already the newest version (12.10ubuntu1).
0 upgraded, 0 newly installed, 0 to remove and 0 not upgraded.
2 not fully installed or removed.
After this operation, 0 B of additional disk space will be used.
Setting up pgadmin4-desktop (9.1) ...
Load apparmor pgAdmin profile...
Cache read/write disabled: interface file missing. (Kernel needs AppArmor 2.4 compatibility patch.)
Warning: unable to find a suitable fs in /proc/mounts, is it mounted?
Use --subdomainfs to override.
dpkg: error processing package pgadmin4-desktop (--configure):
 installed pgadmin4-desktop package post-installation script subprocess returned error exit status 1
dpkg: dependency problems prevent configuration of pgadmin4:
 pgadmin4 depends on pgadmin4-desktop (= 9.1); however:
  Package pgadmin4-desktop is not configured yet.

dpkg: error processing package pgadmin4 (--configure):
 dependency problems - leaving unconfigured
No apport report written because the error message indicates its a followup error from a previous failure.
Errors were encountered while processing:
 pgadmin4-desktop
 pgadmin4
E: Sub-process /usr/bin/dpkg returned an error code (1)
Failed to install dependencies!
Starting installation...
Checking for requirements.txt...
Installing system dependencies...

WARNING: apt does not have a stable CLI interface. Use with caution in scripts.

Hit:1 http://archive.ubuntu.com/ubuntu noble InRelease
Hit:2 http://security.ubuntu.com/ubuntu noble-security InRelease
Hit:3 http://archive.ubuntu.com/ubuntu noble-updates InRelease
Hit:4 http://archive.ubuntu.com/ubuntu noble-backports InRelease
Hit:5 https://ppa.launchpadcontent.net/deadsnakes/ppa/ubuntu noble InRelease
Hit:6 https://ftp.postgresql.org/pub/pgadmin/pgadmin4/apt/noble pgadmin4 InRelease
Reading package lists...
Building dependency tree...
Reading state information...
All packages are up to date.

WARNING: apt does not have a stable CLI interface. Use with caution in scripts.

Reading package lists...
Building dependency tree...
Reading state information...
libpq-dev is already the newest version (17.4-1.pgdg24.04+2).
python3-dev is already the newest version (3.12.3-0ubuntu2).
build-essential is already the newest version (12.10ubuntu1).
0 upgraded, 0 newly installed, 0 to remove and 0 not upgraded.
2 not fully installed or removed.
After this operation, 0 B of additional disk space will be used.
Setting up pgadmin4-desktop (9.1) ...
Load apparmor pgAdmin profile...
Cache read/write disabled: interface file missing. (Kernel needs AppArmor 2.4 compatibility patch.)
Warning: unable to find a suitable fs in /proc/mounts, is it mounted?
Use --subdomainfs to override.
dpkg: error processing package pgadmin4-desktop (--configure):
 installed pgadmin4-desktop package post-installation script subprocess returned error exit status 1
dpkg: dependency problems prevent configuration of pgadmin4:
 pgadmin4 depends on pgadmin4-desktop (= 9.1); however:
  Package pgadmin4-desktop is not configured yet.

dpkg: error processing package pgadmin4 (--configure):
 dependency problems - leaving unconfigured
No apport report written because the error message indicates its a followup error from a previous failure.
Errors were encountered while processing:
 pgadmin4-desktop
 pgadmin4
E: Sub-process /usr/bin/dpkg returned an error code (1)
Failed to install dependencies!
Starting installation...
Checking for requirements.txt...
Installing system dependencies...

WARNING: apt does not have a stable CLI interface. Use with caution in scripts.

Hit:1 http://security.ubuntu.com/ubuntu noble-security InRelease
Hit:2 https://ppa.launchpadcontent.net/deadsnakes/ppa/ubuntu noble InRelease
Hit:3 http://archive.ubuntu.com/ubuntu noble InRelease
Hit:4 http://archive.ubuntu.com/ubuntu noble-updates InRelease
Hit:5 http://archive.ubuntu.com/ubuntu noble-backports InRelease
Hit:6 https://ftp.postgresql.org/pub/pgadmin/pgadmin4/apt/noble pgadmin4 InRelease
Reading package lists...
Building dependency tree...
Reading state information...
All packages are up to date.

WARNING: apt does not have a stable CLI interface. Use with caution in scripts.

Reading package lists...
Building dependency tree...
Reading state information...
libpq-dev is already the newest version (17.4-1.pgdg24.04+2).
python3-dev is already the newest version (3.12.3-0ubuntu2).
build-essential is already the newest version (12.10ubuntu1).
0 upgraded, 0 newly installed, 0 to remove and 0 not upgraded.
2 not fully installed or removed.
After this operation, 0 B of additional disk space will be used.
Setting up pgadmin4-desktop (9.1) ...
Load apparmor pgAdmin profile...
Cache read/write disabled: interface file missing. (Kernel needs AppArmor 2.4 compatibility patch.)
Warning: unable to find a suitable fs in /proc/mounts, is it mounted?
Use --subdomainfs to override.
dpkg: error processing package pgadmin4-desktop (--configure):
 installed pgadmin4-desktop package post-installation script subprocess returned error exit status 1
dpkg: dependency problems prevent configuration of pgadmin4:
 pgadmin4 depends on pgadmin4-desktop (= 9.1); however:
  Package pgadmin4-desktop is not configured yet.

dpkg: error processing package pgadmin4 (--configure):
 dependency problems - leaving unconfigured
No apport report written because the error message indicates its a followup error from a previous failure.
Errors were encountered while processing:
 pgadmin4-desktop
 pgadmin4
E: Sub-process /usr/bin/dpkg returned an error code (1)
Failed to install system dependencies via apt!
